INFO: [VRFC 10-163] Analyzing VHDL file "C:/Users/fh95/ELE112/Project_Spring/LAB_5.srcs/sources_1/imports/new/Components.vhd" into library xil_defaultlib
INFO: [VRFC 10-163] Analyzing VHDL file "C:/Users/fh95/ELE112/Project_Spring/LAB_5.srcs/sources_1/new/ELE112_shiftlne.vhd" into library xil_defaultlib
INFO: [VRFC 10-307] analyzing entity ELE112_shiftlne
INFO: [VRFC 10-163] Analyzing VHDL file "C:/Users/fh95/ELE112/Project_Spring/LAB_5.srcs/sources_1/imports/new/UP_DOWN_CONTER.vhd" into library xil_defaultlib
INFO: [VRFC 10-307] analyzing entity ele112_UpDownCounter
INFO: [VRFC 10-163] Analyzing VHDL file "C:/Users/fh95/ELE112/Project_Spring/LAB_5.srcs/sources_1/imports/new/ele112_PreScaler.vhd" into library xil_defaultlib
INFO: [VRFC 10-307] analyzing entity ele112_PreScaler
INFO: [VRFC 10-163] Analyzing VHDL file "C:/Users/fh95/ELE112/Project_Spring/LAB_5.srcs/sources_1/imports/new/ele112_regn.vhd" into library xil_defaultlib
INFO: [VRFC 10-307] analyzing entity ele112_regn
INFO: [VRFC 10-163] Analyzing VHDL file "C:/Users/fh95/ELE112/Project_Spring/LAB_5.srcs/sources_1/new/ele112_trin.vhd" into library xil_defaultlib
INFO: [VRFC 10-307] analyzing entity ele112_trin
INFO: [VRFC 10-163] Analyzing VHDL file "C:/Users/fh95/ELE112/Project_Spring/LAB_5.srcs/sources_1/new/ELE112_LAB_5.vhd" into library xil_defaultlib
INFO: [VRFC 10-307] analyzing entity ELE112_LAB_5
INFO: [VRFC 10-163] Analyzing VHDL file "C:/Users/fh95/ELE112/Project_Spring/LAB_5.srcs/sources_1/imports/new/ELE112_LAB_5_SPIS.vhd" into library xil_defaultlib
INFO: [VRFC 10-307] analyzing entity ELE112_LAB_5_SPIS
INFO: [VRFC 10-163] Analyzing VHDL file "C:/Users/fh95/ELE112/Project_Spring/LAB_5.ip_user_files/bd/design_1/hdl/design_1.vhd" into library xil_defaultlib
INFO: [VRFC 10-163] Analyzing VHDL file "C:/Users/fh95/ELE112/Project_Spring/LAB_5.srcs/sources_1/new/dec3to8.vhd" into library xil_defaultlib
INFO: [VRFC 10-307] analyzing entity dec3to8
INFO: [VRFC 10-163] Analyzing VHDL file "C:/Users/fh95/ELE112/Project_Spring/LAB_5.srcs/sim_1/new/ELE112_LAB_5_tb.vhd" into library xil_defaultlib
INFO: [VRFC 10-307] analyzing entity ELE112_LAB_5_tb
